The system is: Darwin - 10.6.0 - i386
Compiling the C compiler identification source file "CMakeCCompilerId.c" succeeded.
Compiler: /usr/bin/gcc 
Build flags: 
Id flags: 

The output was:
0


Compilation of the C compiler identification source "CMakeCCompilerId.c" produced "a.out"

The C compiler identification is GNU, found in "/Users/jjthrash/Downloads/OpenCV-2.2.0/CMakeFiles/CompilerIdC/a.out"

Compiling the CXX compiler identification source file "CMakeCXXCompilerId.cpp" succeeded.
Compiler: /usr/bin/c++ 
Build flags: 
Id flags: 

The output was:
0
CMakeCXXCompilerId.cpp:79: warning: deprecated conversion from string constant to ‘char*’
CMakeCXXCompilerId.cpp:192: warning: deprecated conversion from string constant to ‘char*’
CMakeCXXCompilerId.cpp:193: warning: deprecated conversion from string constant to ‘char*’


Compilation of the CXX compiler identification source "CMakeCXXCompilerId.cpp" produced "a.out"

The CXX compiler identification is GNU, found in "/Users/jjthrash/Downloads/OpenCV-2.2.0/CMakeFiles/CompilerIdCXX/a.out"

Determining if the C compiler works passed with the following output:
Change Dir: /Users/jjthrash/Downloads/OpenCV-2.2.0/CMakeFiles/CMakeTmp

Run Build Command:/usr/bin/make "cmTryCompileExec/fast"
/usr/bin/make -f CMakeFiles/cmTryCompileExec.dir/build.make CMakeFiles/cmTryCompileExec.dir/build
/usr/local/Cellar/cmake/2.8.3/bin/cmake -E cmake_progress_report /Users/jjthrash/Downloads/OpenCV-2.2.0/CMakeFiles/CMakeTmp/CMakeFiles 1
Building C object CMakeFiles/cmTryCompileExec.dir/testCCompiler.c.o
/usr/bin/gcc    -o CMakeFiles/cmTryCompileExec.dir/testCCompiler.c.o   -c /Users/jjthrash/Downloads/OpenCV-2.2.0/CMakeFiles/CMakeTmp/testCCompiler.c
Linking C executable cmTryCompileExec
/usr/local/Cellar/cmake/2.8.3/bin/cmake -E cmake_link_script CMakeFiles/cmTryCompileExec.dir/link.txt --verbose=1
/usr/bin/gcc      -Wl,-search_paths_first -headerpad_max_install_names  CMakeFiles/cmTryCompileExec.dir/testCCompiler.c.o  -o cmTryCompileExec  


Detecting C compiler ABI info compiled with the following output:
Change Dir: /Users/jjthrash/Downloads/OpenCV-2.2.0/CMakeFiles/CMakeTmp

Run Build Command:/usr/bin/make "cmTryCompileExec/fast"
/usr/bin/make -f CMakeFiles/cmTryCompileExec.dir/build.make CMakeFiles/cmTryCompileExec.dir/build
/usr/local/Cellar/cmake/2.8.3/bin/cmake -E cmake_progress_report /Users/jjthrash/Downloads/OpenCV-2.2.0/CMakeFiles/CMakeTmp/CMakeFiles 1
Building C object CMakeFiles/cmTryCompileExec.dir/CMakeCCompilerABI.c.o
/usr/bin/gcc    -o CMakeFiles/cmTryCompileExec.dir/CMakeCCompilerABI.c.o   -c /usr/local/Cellar/cmake/2.8.3/share/cmake/Modules/CMakeCCompilerABI.c
Linking C executable cmTryCompileExec
/usr/local/Cellar/cmake/2.8.3/bin/cmake -E cmake_link_script CMakeFiles/cmTryCompileExec.dir/link.txt --verbose=1
/usr/bin/gcc      -Wl,-search_paths_first -headerpad_max_install_names -v CMakeFiles/cmTryCompileExec.dir/CMakeCCompilerABI.c.o  -o cmTryCompileExec   
Using built-in specs.
Target: i686-apple-darwin10
Configured with: /var/tmp/gcc/gcc-5664~89/src/configure --disable-checking --enable-werror --prefix=/usr --mandir=/share/man --enable-languages=c,objc,c++,obj-c++ --program-transform-name=/^[cg][^.-]*$/s/$/-4.2/ --with-slibdir=/usr/lib --build=i686-apple-darwin10 --program-prefix=i686-apple-darwin10- --host=x86_64-apple-darwin10 --target=i686-apple-darwin10 --with-gxx-include-dir=/include/c++/4.2.1
Thread model: posix
gcc version 4.2.1 (Apple Inc. build 5664)
 /usr/libexec/gcc/i686-apple-darwin10/4.2.1/collect2 -dynamic -arch x86_64 -headerpad_max_install_names -macosx_version_min 10.6.6 -weak_reference_mismatches non-weak -o cmTryCompileExec -lcrt1.10.6.o -L/usr/lib/gcc/i686-apple-darwin10/4.2.1/x86_64 -L/usr/lib/gcc/i686-apple-darwin10/4.2.1/x86_64 -L/usr/lib/i686-apple-darwin10/4.2.1 -L/usr/lib/gcc/i686-apple-darwin10/4.2.1 -L/usr/lib/gcc/i686-apple-darwin10/4.2.1 -L/usr/lib/gcc/i686-apple-darwin10/4.2.1/../../../i686-apple-darwin10/4.2.1 -L/usr/lib/gcc/i686-apple-darwin10/4.2.1/../../.. -search_paths_first CMakeFiles/cmTryCompileExec.dir/CMakeCCompilerABI.c.o -lSystem -lgcc -lSystem


Parsed C implicit link information from above output:
  link line regex: [^( *|.*[/\])(ld|ld|collect2)[^/\]*( |$)]
  ignore line: [Change Dir: /Users/jjthrash/Downloads/OpenCV-2.2.0/CMakeFiles/CMakeTmp]
  ignore line: []
  ignore line: [Run Build Command:/usr/bin/make "cmTryCompileExec/fast"]
  ignore line: [/usr/bin/make -f CMakeFiles/cmTryCompileExec.dir/build.make CMakeFiles/cmTryCompileExec.dir/build]
  ignore line: [/usr/local/Cellar/cmake/2.8.3/bin/cmake -E cmake_progress_report /Users/jjthrash/Downloads/OpenCV-2.2.0/CMakeFiles/CMakeTmp/CMakeFiles 1]
  ignore line: [Building C object CMakeFiles/cmTryCompileExec.dir/CMakeCCompilerABI.c.o]
  ignore line: [/usr/bin/gcc    -o CMakeFiles/cmTryCompileExec.dir/CMakeCCompilerABI.c.o   -c /usr/local/Cellar/cmake/2.8.3/share/cmake/Modules/CMakeCCompilerABI.c]
  ignore line: [Linking C executable cmTryCompileExec]
  ignore line: [/usr/local/Cellar/cmake/2.8.3/bin/cmake -E cmake_link_script CMakeFiles/cmTryCompileExec.dir/link.txt --verbose=1]
  ignore line: [/usr/bin/gcc      -Wl,-search_paths_first -headerpad_max_install_names -v CMakeFiles/cmTryCompileExec.dir/CMakeCCompilerABI.c.o  -o cmTryCompileExec   ]
  ignore line: [Using built-in specs.]
  ignore line: [Target: i686-apple-darwin10]
  ignore line: [Configured with: /var/tmp/gcc/gcc-5664~89/src/configure --disable-checking --enable-werror --prefix=/usr --mandir=/share/man --enable-languages=c,objc,c++,obj-c++ --program-transform-name=/^[cg][^.-]*$/s/$/-4.2/ --with-slibdir=/usr/lib --build=i686-apple-darwin10 --program-prefix=i686-apple-darwin10- --host=x86_64-apple-darwin10 --target=i686-apple-darwin10 --with-gxx-include-dir=/include/c++/4.2.1]
  ignore line: [Thread model: posix]
  ignore line: [gcc version 4.2.1 (Apple Inc. build 5664)]
  link line: [ /usr/libexec/gcc/i686-apple-darwin10/4.2.1/collect2 -dynamic -arch x86_64 -headerpad_max_install_names -macosx_version_min 10.6.6 -weak_reference_mismatches non-weak -o cmTryCompileExec -lcrt1.10.6.o -L/usr/lib/gcc/i686-apple-darwin10/4.2.1/x86_64 -L/usr/lib/gcc/i686-apple-darwin10/4.2.1/x86_64 -L/usr/lib/i686-apple-darwin10/4.2.1 -L/usr/lib/gcc/i686-apple-darwin10/4.2.1 -L/usr/lib/gcc/i686-apple-darwin10/4.2.1 -L/usr/lib/gcc/i686-apple-darwin10/4.2.1/../../../i686-apple-darwin10/4.2.1 -L/usr/lib/gcc/i686-apple-darwin10/4.2.1/../../.. -search_paths_first CMakeFiles/cmTryCompileExec.dir/CMakeCCompilerABI.c.o -lSystem -lgcc -lSystem]
    arg [/usr/libexec/gcc/i686-apple-darwin10/4.2.1/collect2] ==> ignore
    arg [-dynamic] ==> ignore
    arg [-arch] ==> ignore
    arg [x86_64] ==> ignore
    arg [-headerpad_max_install_names] ==> ignore
    arg [-macosx_version_min] ==> ignore
    arg [10.6.6] ==> ignore
    arg [-weak_reference_mismatches] ==> ignore
    arg [non-weak] ==> ignore
    arg [-o] ==> ignore
    arg [cmTryCompileExec] ==> ignore
    arg [-lcrt1.10.6.o] ==> lib [crt1.10.6.o]
    arg [-L/usr/lib/gcc/i686-apple-darwin10/4.2.1/x86_64] ==> dir [/usr/lib/gcc/i686-apple-darwin10/4.2.1/x86_64]
    arg [-L/usr/lib/gcc/i686-apple-darwin10/4.2.1/x86_64] ==> dir [/usr/lib/gcc/i686-apple-darwin10/4.2.1/x86_64]
    arg [-L/usr/lib/i686-apple-darwin10/4.2.1] ==> dir [/usr/lib/i686-apple-darwin10/4.2.1]
    arg [-L/usr/lib/gcc/i686-apple-darwin10/4.2.1] ==> dir [/usr/lib/gcc/i686-apple-darwin10/4.2.1]
    arg [-L/usr/lib/gcc/i686-apple-darwin10/4.2.1] ==> dir [/usr/lib/gcc/i686-apple-darwin10/4.2.1]
    arg [-L/usr/lib/gcc/i686-apple-darwin10/4.2.1/../../../i686-apple-darwin10/4.2.1] ==> dir [/usr/lib/gcc/i686-apple-darwin10/4.2.1/../../../i686-apple-darwin10/4.2.1]
    arg [-L/usr/lib/gcc/i686-apple-darwin10/4.2.1/../../..] ==> dir [/usr/lib/gcc/i686-apple-darwin10/4.2.1/../../..]
    arg [-search_paths_first] ==> ignore
    arg [CMakeFiles/cmTryCompileExec.dir/CMakeCCompilerABI.c.o] ==> ignore
    arg [-lSystem] ==> lib [System]
    arg [-lgcc] ==> lib [gcc]
    arg [-lSystem] ==> lib [System]
  remove lib [crt1.10.6.o]
  remove lib [System]
  remove lib [gcc]
  remove lib [System]
  collapse dir [/usr/lib/gcc/i686-apple-darwin10/4.2.1/x86_64] ==> [/usr/lib/gcc/i686-apple-darwin10/4.2.1/x86_64]
  collapse dir [/usr/lib/gcc/i686-apple-darwin10/4.2.1/x86_64] ==> [/usr/lib/gcc/i686-apple-darwin10/4.2.1/x86_64]
  collapse dir [/usr/lib/i686-apple-darwin10/4.2.1] ==> [/usr/lib/i686-apple-darwin10/4.2.1]
  collapse dir [/usr/lib/gcc/i686-apple-darwin10/4.2.1] ==> [/usr/lib/gcc/i686-apple-darwin10/4.2.1]
  collapse dir [/usr/lib/gcc/i686-apple-darwin10/4.2.1] ==> [/usr/lib/gcc/i686-apple-darwin10/4.2.1]
  collapse dir [/usr/lib/gcc/i686-apple-darwin10/4.2.1/../../../i686-apple-darwin10/4.2.1] ==> [/usr/lib/i686-apple-darwin10/4.2.1]
  collapse dir [/usr/lib/gcc/i686-apple-darwin10/4.2.1/../../..] ==> [/usr/lib]
  implicit libs: []
  implicit dirs: [/usr/lib/gcc/i686-apple-darwin10/4.2.1/x86_64;/usr/lib/i686-apple-darwin10/4.2.1;/usr/lib/gcc/i686-apple-darwin10/4.2.1;/usr/lib]


Determining if the CXX compiler works passed with the following output:
Change Dir: /Users/jjthrash/Downloads/OpenCV-2.2.0/CMakeFiles/CMakeTmp

Run Build Command:/usr/bin/make "cmTryCompileExec/fast"
/usr/bin/make -f CMakeFiles/cmTryCompileExec.dir/build.make CMakeFiles/cmTryCompileExec.dir/build
/usr/local/Cellar/cmake/2.8.3/bin/cmake -E cmake_progress_report /Users/jjthrash/Downloads/OpenCV-2.2.0/CMakeFiles/CMakeTmp/CMakeFiles 1
Building CXX object CMakeFiles/cmTryCompileExec.dir/testCXXCompiler.cxx.o
/usr/bin/c++     -o CMakeFiles/cmTryCompileExec.dir/testCXXCompiler.cxx.o -c /Users/jjthrash/Downloads/OpenCV-2.2.0/CMakeFiles/CMakeTmp/testCXXCompiler.cxx
Linking CXX executable cmTryCompileExec
/usr/local/Cellar/cmake/2.8.3/bin/cmake -E cmake_link_script CMakeFiles/cmTryCompileExec.dir/link.txt --verbose=1
/usr/bin/c++       -Wl,-search_paths_first -headerpad_max_install_names  CMakeFiles/cmTryCompileExec.dir/testCXXCompiler.cxx.o  -o cmTryCompileExec  


Detecting CXX compiler ABI info compiled with the following output:
Change Dir: /Users/jjthrash/Downloads/OpenCV-2.2.0/CMakeFiles/CMakeTmp

Run Build Command:/usr/bin/make "cmTryCompileExec/fast"
/usr/bin/make -f CMakeFiles/cmTryCompileExec.dir/build.make CMakeFiles/cmTryCompileExec.dir/build
/usr/local/Cellar/cmake/2.8.3/bin/cmake -E cmake_progress_report /Users/jjthrash/Downloads/OpenCV-2.2.0/CMakeFiles/CMakeTmp/CMakeFiles 1
Building CXX object CMakeFiles/cmTryCompileExec.dir/CMakeCXXCompilerABI.cpp.o
/usr/bin/c++     -o CMakeFiles/cmTryCompileExec.dir/CMakeCXXCompilerABI.cpp.o -c /usr/local/Cellar/cmake/2.8.3/share/cmake/Modules/CMakeCXXCompilerABI.cpp
Linking CXX executable cmTryCompileExec
/usr/local/Cellar/cmake/2.8.3/bin/cmake -E cmake_link_script CMakeFiles/cmTryCompileExec.dir/link.txt --verbose=1
/usr/bin/c++       -Wl,-search_paths_first -headerpad_max_install_names -v CMakeFiles/cmTryCompileExec.dir/CMakeCXXCompilerABI.cpp.o  -o cmTryCompileExec   
Using built-in specs.
Target: i686-apple-darwin10
Configured with: /var/tmp/gcc/gcc-5664~89/src/configure --disable-checking --enable-werror --prefix=/usr --mandir=/share/man --enable-languages=c,objc,c++,obj-c++ --program-transform-name=/^[cg][^.-]*$/s/$/-4.2/ --with-slibdir=/usr/lib --build=i686-apple-darwin10 --program-prefix=i686-apple-darwin10- --host=x86_64-apple-darwin10 --target=i686-apple-darwin10 --with-gxx-include-dir=/include/c++/4.2.1
Thread model: posix
gcc version 4.2.1 (Apple Inc. build 5664)
 /usr/libexec/gcc/i686-apple-darwin10/4.2.1/collect2 -dynamic -arch x86_64 -headerpad_max_install_names -macosx_version_min 10.6.6 -weak_reference_mismatches non-weak -o cmTryCompileExec -lcrt1.10.6.o -L/usr/lib/gcc/i686-apple-darwin10/4.2.1/x86_64 -L/usr/lib/gcc/i686-apple-darwin10/4.2.1/x86_64 -L/usr/lib/i686-apple-darwin10/4.2.1 -L/usr/lib/gcc/i686-apple-darwin10/4.2.1 -L/usr/lib/gcc/i686-apple-darwin10/4.2.1 -L/usr/lib/gcc/i686-apple-darwin10/4.2.1/../../../i686-apple-darwin10/4.2.1 -L/usr/lib/gcc/i686-apple-darwin10/4.2.1/../../.. -search_paths_first CMakeFiles/cmTryCompileExec.dir/CMakeCXXCompilerABI.cpp.o -lstdc++ -lSystem -lgcc -lSystem


Parsed CXX implicit link information from above output:
  link line regex: [^( *|.*[/\])(ld|ld|collect2)[^/\]*( |$)]
  ignore line: [Change Dir: /Users/jjthrash/Downloads/OpenCV-2.2.0/CMakeFiles/CMakeTmp]
  ignore line: []
  ignore line: [Run Build Command:/usr/bin/make "cmTryCompileExec/fast"]
  ignore line: [/usr/bin/make -f CMakeFiles/cmTryCompileExec.dir/build.make CMakeFiles/cmTryCompileExec.dir/build]
  ignore line: [/usr/local/Cellar/cmake/2.8.3/bin/cmake -E cmake_progress_report /Users/jjthrash/Downloads/OpenCV-2.2.0/CMakeFiles/CMakeTmp/CMakeFiles 1]
  ignore line: [Building CXX object CMakeFiles/cmTryCompileExec.dir/CMakeCXXCompilerABI.cpp.o]
  ignore line: [/usr/bin/c++     -o CMakeFiles/cmTryCompileExec.dir/CMakeCXXCompilerABI.cpp.o -c /usr/local/Cellar/cmake/2.8.3/share/cmake/Modules/CMakeCXXCompilerABI.cpp]
  ignore line: [Linking CXX executable cmTryCompileExec]
  ignore line: [/usr/local/Cellar/cmake/2.8.3/bin/cmake -E cmake_link_script CMakeFiles/cmTryCompileExec.dir/link.txt --verbose=1]
  ignore line: [/usr/bin/c++       -Wl,-search_paths_first -headerpad_max_install_names -v CMakeFiles/cmTryCompileExec.dir/CMakeCXXCompilerABI.cpp.o  -o cmTryCompileExec   ]
  ignore line: [Using built-in specs.]
  ignore line: [Target: i686-apple-darwin10]
  ignore line: [Configured with: /var/tmp/gcc/gcc-5664~89/src/configure --disable-checking --enable-werror --prefix=/usr --mandir=/share/man --enable-languages=c,objc,c++,obj-c++ --program-transform-name=/^[cg][^.-]*$/s/$/-4.2/ --with-slibdir=/usr/lib --build=i686-apple-darwin10 --program-prefix=i686-apple-darwin10- --host=x86_64-apple-darwin10 --target=i686-apple-darwin10 --with-gxx-include-dir=/include/c++/4.2.1]
  ignore line: [Thread model: posix]
  ignore line: [gcc version 4.2.1 (Apple Inc. build 5664)]
  link line: [ /usr/libexec/gcc/i686-apple-darwin10/4.2.1/collect2 -dynamic -arch x86_64 -headerpad_max_install_names -macosx_version_min 10.6.6 -weak_reference_mismatches non-weak -o cmTryCompileExec -lcrt1.10.6.o -L/usr/lib/gcc/i686-apple-darwin10/4.2.1/x86_64 -L/usr/lib/gcc/i686-apple-darwin10/4.2.1/x86_64 -L/usr/lib/i686-apple-darwin10/4.2.1 -L/usr/lib/gcc/i686-apple-darwin10/4.2.1 -L/usr/lib/gcc/i686-apple-darwin10/4.2.1 -L/usr/lib/gcc/i686-apple-darwin10/4.2.1/../../../i686-apple-darwin10/4.2.1 -L/usr/lib/gcc/i686-apple-darwin10/4.2.1/../../.. -search_paths_first CMakeFiles/cmTryCompileExec.dir/CMakeCXXCompilerABI.cpp.o -lstdc++ -lSystem -lgcc -lSystem]
    arg [/usr/libexec/gcc/i686-apple-darwin10/4.2.1/collect2] ==> ignore
    arg [-dynamic] ==> ignore
    arg [-arch] ==> ignore
    arg [x86_64] ==> ignore
    arg [-headerpad_max_install_names] ==> ignore
    arg [-macosx_version_min] ==> ignore
    arg [10.6.6] ==> ignore
    arg [-weak_reference_mismatches] ==> ignore
    arg [non-weak] ==> ignore
    arg [-o] ==> ignore
    arg [cmTryCompileExec] ==> ignore
    arg [-lcrt1.10.6.o] ==> lib [crt1.10.6.o]
    arg [-L/usr/lib/gcc/i686-apple-darwin10/4.2.1/x86_64] ==> dir [/usr/lib/gcc/i686-apple-darwin10/4.2.1/x86_64]
    arg [-L/usr/lib/gcc/i686-apple-darwin10/4.2.1/x86_64] ==> dir [/usr/lib/gcc/i686-apple-darwin10/4.2.1/x86_64]
    arg [-L/usr/lib/i686-apple-darwin10/4.2.1] ==> dir [/usr/lib/i686-apple-darwin10/4.2.1]
    arg [-L/usr/lib/gcc/i686-apple-darwin10/4.2.1] ==> dir [/usr/lib/gcc/i686-apple-darwin10/4.2.1]
    arg [-L/usr/lib/gcc/i686-apple-darwin10/4.2.1] ==> dir [/usr/lib/gcc/i686-apple-darwin10/4.2.1]
    arg [-L/usr/lib/gcc/i686-apple-darwin10/4.2.1/../../../i686-apple-darwin10/4.2.1] ==> dir [/usr/lib/gcc/i686-apple-darwin10/4.2.1/../../../i686-apple-darwin10/4.2.1]
    arg [-L/usr/lib/gcc/i686-apple-darwin10/4.2.1/../../..] ==> dir [/usr/lib/gcc/i686-apple-darwin10/4.2.1/../../..]
    arg [-search_paths_first] ==> ignore
    arg [CMakeFiles/cmTryCompileExec.dir/CMakeCXXCompilerABI.cpp.o] ==> ignore
    arg [-lstdc++] ==> lib [stdc++]
    arg [-lSystem] ==> lib [System]
    arg [-lgcc] ==> lib [gcc]
    arg [-lSystem] ==> lib [System]
  remove lib [crt1.10.6.o]
  remove lib [System]
  remove lib [gcc]
  remove lib [System]
  collapse dir [/usr/lib/gcc/i686-apple-darwin10/4.2.1/x86_64] ==> [/usr/lib/gcc/i686-apple-darwin10/4.2.1/x86_64]
  collapse dir [/usr/lib/gcc/i686-apple-darwin10/4.2.1/x86_64] ==> [/usr/lib/gcc/i686-apple-darwin10/4.2.1/x86_64]
  collapse dir [/usr/lib/i686-apple-darwin10/4.2.1] ==> [/usr/lib/i686-apple-darwin10/4.2.1]
  collapse dir [/usr/lib/gcc/i686-apple-darwin10/4.2.1] ==> [/usr/lib/gcc/i686-apple-darwin10/4.2.1]
  collapse dir [/usr/lib/gcc/i686-apple-darwin10/4.2.1] ==> [/usr/lib/gcc/i686-apple-darwin10/4.2.1]
  collapse dir [/usr/lib/gcc/i686-apple-darwin10/4.2.1/../../../i686-apple-darwin10/4.2.1] ==> [/usr/lib/i686-apple-darwin10/4.2.1]
  collapse dir [/usr/lib/gcc/i686-apple-darwin10/4.2.1/../../..] ==> [/usr/lib]
  implicit libs: [stdc++]
  implicit dirs: [/usr/lib/gcc/i686-apple-darwin10/4.2.1/x86_64;/usr/lib/i686-apple-darwin10/4.2.1;/usr/lib/gcc/i686-apple-darwin10/4.2.1;/usr/lib]


The system is: Darwin - 10.6.0 - i386
Compiling the C compiler identification source file "CMakeCCompilerId.c" succeeded.
Compiler: /usr/bin/gcc 
Build flags: 
Id flags: 

The output was:
0


Compilation of the C compiler identification source "CMakeCCompilerId.c" produced "a.out"

The C compiler identification is GNU, found in "/Users/jjthrash/Downloads/OpenCV-2.2.0/CMakeFiles/CompilerIdC/a.out"

Compiling the CXX compiler identification source file "CMakeCXXCompilerId.cpp" succeeded.
Compiler: /usr/bin/g++ 
Build flags: 
Id flags: 

The output was:
0
CMakeCXXCompilerId.cpp:79: warning: deprecated conversion from string constant to ‘char*’
CMakeCXXCompilerId.cpp:192: warning: deprecated conversion from string constant to ‘char*’
CMakeCXXCompilerId.cpp:193: warning: deprecated conversion from string constant to ‘char*’


Compilation of the CXX compiler identification source "CMakeCXXCompilerId.cpp" produced "a.out"

The CXX compiler identification is GNU, found in "/Users/jjthrash/Downloads/OpenCV-2.2.0/CMakeFiles/CompilerIdCXX/a.out"

Determining if the C compiler works passed with the following output:
Change Dir: /Users/jjthrash/Downloads/OpenCV-2.2.0/CMakeFiles/CMakeTmp

Run Build Command:/usr/local/Cellar/cmake/2.8.3/bin/cmakexbuild -project CMAKE_TRY_COMPILE.xcodeproj build -target cmTryCompileExec -configuration Debug

=== BUILD NATIVE TARGET cmTryCompileExec OF PROJECT CMAKE_TRY_COMPILE WITH CONFIGURATION Debug ===
Check dependencies
PhaseScriptExecution "CMake ReRun" CMAKE_TRY_COMPILE.build/Debug/cmTryCompileExec.build/Script-1006330F01006330F0100633.sh
    cd /Users/jjthrash/Downloads/OpenCV-2.2.0/CMakeFiles/CMakeTmp
    /bin/sh -c /Users/jjthrash/Downloads/OpenCV-2.2.0/CMakeFiles/CMakeTmp/CMAKE_TRY_COMPILE.build/Debug/cmTryCompileExec.build/Script-1006330F01006330F0100633.sh

make: `CMakeFiles/cmake.check_cache' is up to date.
CompileC CMAKE_TRY_COMPILE.build/Debug/cmTryCompileExec.build/Objects-normal/x86_64/testCCompiler.o testCCompiler.c normal x86_64 c com.apple.compilers.gcc.4_2
    cd /Users/jjthrash/Downloads/OpenCV-2.2.0/CMakeFiles/CMakeTmp
    /Developer/usr/bin/gcc-4.2 -x c -arch x86_64 -fmessage-length=0 -pipe -Wno-trigraphs -fpascal-strings -fasm-blocks -O0 -mdynamic-no-pic -DCMAKE_INTDIR="Debug" -isysroot /Developer/SDKs/MacOSX10.6.sdk -mmacosx-version-min=10.6 -gdwarf-2 -Wmost -Wno-four-char-constants -Wno-unknown-pragmas -F/Users/jjthrash/Downloads/OpenCV-2.2.0/CMakeFiles/CMakeTmp/Debug -I/Users/jjthrash/Downloads/OpenCV-2.2.0/CMakeFiles/CMakeTmp/Debug/include -I/Users/jjthrash/Downloads/OpenCV-2.2.0/CMakeFiles/CMakeTmp/CMAKE_TRY_COMPILE.build/Debug/cmTryCompileExec.build/DerivedSources/x86_64 -I/Users/jjthrash/Downloads/OpenCV-2.2.0/CMakeFiles/CMakeTmp/CMAKE_TRY_COMPILE.build/Debug/cmTryCompileExec.build/DerivedSources -c /Users/jjthrash/Downloads/OpenCV-2.2.0/CMakeFiles/CMakeTmp/testCCompiler.c -o /Users/jjthrash/Downloads/OpenCV-2.2.0/CMakeFiles/CMakeTmp/CMAKE_TRY_COMPILE.build/Debug/cmTryCompileExec.build/Objects-normal/x86_64/testCCompiler.o

Ld Debug/cmTryCompileExec normal x86_64
    cd /Users/jjthrash/Downloads/OpenCV-2.2.0/CMakeFiles/CMakeTmp
    /Developer/usr/bin/gcc-4.2 -arch x86_64 -isysroot /Developer/SDKs/MacOSX10.6.sdk -L/Users/jjthrash/Downloads/OpenCV-2.2.0/CMakeFiles/CMakeTmp/Debug -F/Users/jjthrash/Downloads/OpenCV-2.2.0/CMakeFiles/CMakeTmp/Debug -filelist /Users/jjthrash/Downloads/OpenCV-2.2.0/CMakeFiles/CMakeTmp/CMAKE_TRY_COMPILE.build/Debug/cmTryCompileExec.build/Objects-normal/x86_64/cmTryCompileExec.LinkFileList -mmacosx-version-min=10.6 -Wl,-search_paths_first -headerpad_max_install_names -o /Users/jjthrash/Downloads/OpenCV-2.2.0/CMakeFiles/CMakeTmp/Debug/cmTryCompileExec

PhaseScriptExecution "CMake PostBuild Rules" CMAKE_TRY_COMPILE.build/Debug/cmTryCompileExec.build/Script-100633AF0100633AF0100633.sh
    cd /Users/jjthrash/Downloads/OpenCV-2.2.0/CMakeFiles/CMakeTmp
    /bin/sh -c /Users/jjthrash/Downloads/OpenCV-2.2.0/CMakeFiles/CMakeTmp/CMAKE_TRY_COMPILE.build/Debug/cmTryCompileExec.build/Script-100633AF0100633AF0100633.sh

echo "Depend check for xcode"
Depend check for xcode
cd /Users/jjthrash/Downloads/OpenCV-2.2.0/CMakeFiles/CMakeTmp && make -C /Users/jjthrash/Downloads/OpenCV-2.2.0/CMakeFiles/CMakeTmp -f /Users/jjthrash/Downloads/OpenCV-2.2.0/CMakeFiles/CMakeTmp/CMakeScripts/XCODE_DEPEND_HELPER.make all.Debug
make[1]: Nothing to be done for `all.Debug'.
** BUILD SUCCEEDED **



Detecting C compiler ABI info compiled with the following output:
Change Dir: /Users/jjthrash/Downloads/OpenCV-2.2.0/CMakeFiles/CMakeTmp

Run Build Command:/usr/local/Cellar/cmake/2.8.3/bin/cmakexbuild -project CMAKE_TRY_COMPILE.xcodeproj build -target cmTryCompileExec -configuration Debug

=== BUILD NATIVE TARGET cmTryCompileExec OF PROJECT CMAKE_TRY_COMPILE WITH CONFIGURATION Debug ===
Check dependencies
PhaseScriptExecution "CMake ReRun" CMAKE_TRY_COMPILE.build/Debug/cmTryCompileExec.build/Script-100641330100641330100641.sh
    cd /Users/jjthrash/Downloads/OpenCV-2.2.0/CMakeFiles/CMakeTmp
    /bin/sh -c /Users/jjthrash/Downloads/OpenCV-2.2.0/CMakeFiles/CMakeTmp/CMAKE_TRY_COMPILE.build/Debug/cmTryCompileExec.build/Script-100641330100641330100641.sh

make: `CMakeFiles/cmake.check_cache' is up to date.
CompileC CMAKE_TRY_COMPILE.build/Debug/cmTryCompileExec.build/Objects-normal/x86_64/CMakeCCompilerABI.o ../../../../../../usr/local/Cellar/cmake/2.8.3/share/cmake/Modules/CMakeCCompilerABI.c normal x86_64 c com.apple.compilers.gcc.4_2
    cd /Users/jjthrash/Downloads/OpenCV-2.2.0/CMakeFiles/CMakeTmp
    /Developer/usr/bin/gcc-4.2 -x c -arch x86_64 -fmessage-length=0 -pipe -Wno-trigraphs -fpascal-strings -fasm-blocks -O0 -mdynamic-no-pic -DCMAKE_INTDIR="Debug" -isysroot /Developer/SDKs/MacOSX10.6.sdk -mmacosx-version-min=10.6 -gdwarf-2 -Wmost -Wno-four-char-constants -Wno-unknown-pragmas -F/Users/jjthrash/Downloads/OpenCV-2.2.0/CMakeFiles/CMakeTmp/Debug -I/Users/jjthrash/Downloads/OpenCV-2.2.0/CMakeFiles/CMakeTmp/Debug/include -I/Users/jjthrash/Downloads/OpenCV-2.2.0/CMakeFiles/CMakeTmp/CMAKE_TRY_COMPILE.build/Debug/cmTryCompileExec.build/DerivedSources/x86_64 -I/Users/jjthrash/Downloads/OpenCV-2.2.0/CMakeFiles/CMakeTmp/CMAKE_TRY_COMPILE.build/Debug/cmTryCompileExec.build/DerivedSources -c /Users/jjthrash/Downloads/OpenCV-2.2.0/CMakeFiles/CMakeTmp/../../../../../../usr/local/Cellar/cmake/2.8.3/share/cmake/Modules/CMakeCCompilerABI.c -o /Users/jjthrash/Downloads/OpenCV-2.2.0/CMakeFiles/CMakeTmp/CMAKE_TRY_COMPILE.build/Debug/cmTryCompileExec.build/Objects-normal/x86_64/CMakeCCompilerABI.o

Ld Debug/cmTryCompileExec normal x86_64
    cd /Users/jjthrash/Downloads/OpenCV-2.2.0/CMakeFiles/CMakeTmp
    /Developer/usr/bin/gcc-4.2 -arch x86_64 -isysroot /Developer/SDKs/MacOSX10.6.sdk -L/Users/jjthrash/Downloads/OpenCV-2.2.0/CMakeFiles/CMakeTmp/Debug -F/Users/jjthrash/Downloads/OpenCV-2.2.0/CMakeFiles/CMakeTmp/Debug -filelist /Users/jjthrash/Downloads/OpenCV-2.2.0/CMakeFiles/CMakeTmp/CMAKE_TRY_COMPILE.build/Debug/cmTryCompileExec.build/Objects-normal/x86_64/cmTryCompileExec.LinkFileList -mmacosx-version-min=10.6 -v -Wl,-search_paths_first -headerpad_max_install_names -o /Users/jjthrash/Downloads/OpenCV-2.2.0/CMakeFiles/CMakeTmp/Debug/cmTryCompileExec

Using built-in specs.
Target: i686-apple-darwin10
Configured with: /var/tmp/gcc/gcc-5664~89/src/configure --disable-checking --enable-werror --prefix=/usr --mandir=/share/man --enable-languages=c,objc,c++,obj-c++ --program-transform-name=/^[cg][^.-]*$/s/$/-4.2/ --with-slibdir=/usr/lib --build=i686-apple-darwin10 --program-prefix=i686-apple-darwin10- --host=x86_64-apple-darwin10 --target=i686-apple-darwin10 --with-gxx-include-dir=/include/c++/4.2.1
Thread model: posix
gcc version 4.2.1 (Apple Inc. build 5664)
 /Developer/usr/bin/../libexec/gcc/i686-apple-darwin10/4.2.1/collect2 -dynamic -arch x86_64 -headerpad_max_install_names -macosx_version_min 10.6 -syslibroot /Developer/SDKs/MacOSX10.6.sdk -weak_reference_mismatches non-weak -o /Users/jjthrash/Downloads/OpenCV-2.2.0/CMakeFiles/CMakeTmp/Debug/cmTryCompileExec -lcrt1.10.6.o -L/Users/jjthrash/Downloads/OpenCV-2.2.0/CMakeFiles/CMakeTmp/Debug -L/Developer/usr/bin/../lib/gcc/i686-apple-darwin10/4.2.1/x86_64 -L/usr/lib/gcc/i686-apple-darwin10/4.2.1/x86_64 -L/usr/lib/gcc/i686-apple-darwin10/4.2.1/x86_64 -L/Developer/SDKs/MacOSX10.6.sdk/usr/lib/i686-apple-darwin10/4.2.1 -L/Developer/SDKs/MacOSX10.6.sdk/usr/lib -L/Developer/usr/bin/../lib/gcc/i686-apple-darwin10/4.2.1 -L/Developer/usr/bin/../lib/gcc -L/usr/lib/gcc/i686-apple-darwin10/4.2.1 -L/usr/lib/gcc/i686-apple-darwin10/4.2.1 -L/Developer/usr/bin/../lib/gcc/i686-apple-darwin10/4.2.1/../../../i686-apple-darwin10/4.2.1 -L/Developer/usr/bin/../lib/gcc/i686-apple-darwin10/4.2.1/../../.. -L/Developer/SDKs/MacOSX10.6.sdk/usr/lib/gcc/i686-apple-darwin10/4.2.1/../../../i686-apple-darwin10/4.2.1 -L/Developer/SDKs/MacOSX10.6.sdk/usr/lib/gcc/i686-apple-darwin10/4.2.1/../../.. -filelist /Users/jjthrash/Downloads/OpenCV-2.2.0/CMakeFiles/CMakeTmp/CMAKE_TRY_COMPILE.build/Debug/cmTryCompileExec.build/Objects-normal/x86_64/cmTryCompileExec.LinkFileList -search_paths_first -lSystem -lgcc -lSystem -F/Users/jjthrash/Downloads/OpenCV-2.2.0/CMakeFiles/CMakeTmp/Debug
PhaseScriptExecution "CMake PostBuild Rules" CMAKE_TRY_COMPILE.build/Debug/cmTryCompileExec.build/Script-100641E00100641E00100641.sh
    cd /Users/jjthrash/Downloads/OpenCV-2.2.0/CMakeFiles/CMakeTmp
    /bin/sh -c /Users/jjthrash/Downloads/OpenCV-2.2.0/CMakeFiles/CMakeTmp/CMAKE_TRY_COMPILE.build/Debug/cmTryCompileExec.build/Script-100641E00100641E00100641.sh

echo "Depend check for xcode"
Depend check for xcode
cd /Users/jjthrash/Downloads/OpenCV-2.2.0/CMakeFiles/CMakeTmp && make -C /Users/jjthrash/Downloads/OpenCV-2.2.0/CMakeFiles/CMakeTmp -f /Users/jjthrash/Downloads/OpenCV-2.2.0/CMakeFiles/CMakeTmp/CMakeScripts/XCODE_DEPEND_HELPER.make all.Debug
make[1]: Nothing to be done for `all.Debug'.
** BUILD SUCCEEDED **



Determining if the CXX compiler works passed with the following output:
Change Dir: /Users/jjthrash/Downloads/OpenCV-2.2.0/CMakeFiles/CMakeTmp

Run Build Command:/usr/local/Cellar/cmake/2.8.3/bin/cmakexbuild -project CMAKE_TRY_COMPILE.xcodeproj build -target cmTryCompileExec -configuration Debug

=== BUILD NATIVE TARGET cmTryCompileExec OF PROJECT CMAKE_TRY_COMPILE WITH CONFIGURATION Debug ===
Check dependencies
PhaseScriptExecution "CMake ReRun" CMAKE_TRY_COMPILE.build/Debug/cmTryCompileExec.build/Script-100640A60100640A60100640.sh
    cd /Users/jjthrash/Downloads/OpenCV-2.2.0/CMakeFiles/CMakeTmp
    /bin/sh -c /Users/jjthrash/Downloads/OpenCV-2.2.0/CMakeFiles/CMakeTmp/CMAKE_TRY_COMPILE.build/Debug/cmTryCompileExec.build/Script-100640A60100640A60100640.sh

make: `CMakeFiles/cmake.check_cache' is up to date.
CompileC CMAKE_TRY_COMPILE.build/Debug/cmTryCompileExec.build/Objects-normal/x86_64/testCXXCompiler.o testCXXCompiler.cxx normal x86_64 c++ com.apple.compilers.gcc.4_2
    cd /Users/jjthrash/Downloads/OpenCV-2.2.0/CMakeFiles/CMakeTmp
    /Developer/usr/bin/gcc-4.2 -x c++ -arch x86_64 -fmessage-length=0 -pipe -Wno-trigraphs -fpascal-strings -fasm-blocks -O0 -mdynamic-no-pic -DCMAKE_INTDIR="Debug" -isysroot /Developer/SDKs/MacOSX10.6.sdk -mmacosx-version-min=10.6 -gdwarf-2 -Wmost -Wno-four-char-constants -Wno-unknown-pragmas -F/Users/jjthrash/Downloads/OpenCV-2.2.0/CMakeFiles/CMakeTmp/Debug -I/Users/jjthrash/Downloads/OpenCV-2.2.0/CMakeFiles/CMakeTmp/Debug/include -I/Users/jjthrash/Downloads/OpenCV-2.2.0/CMakeFiles/CMakeTmp/CMAKE_TRY_COMPILE.build/Debug/cmTryCompileExec.build/DerivedSources/x86_64 -I/Users/jjthrash/Downloads/OpenCV-2.2.0/CMakeFiles/CMakeTmp/CMAKE_TRY_COMPILE.build/Debug/cmTryCompileExec.build/DerivedSources -c /Users/jjthrash/Downloads/OpenCV-2.2.0/CMakeFiles/CMakeTmp/testCXXCompiler.cxx -o /Users/jjthrash/Downloads/OpenCV-2.2.0/CMakeFiles/CMakeTmp/CMAKE_TRY_COMPILE.build/Debug/cmTryCompileExec.build/Objects-normal/x86_64/testCXXCompiler.o

Ld Debug/cmTryCompileExec normal x86_64
    cd /Users/jjthrash/Downloads/OpenCV-2.2.0/CMakeFiles/CMakeTmp
    /Developer/usr/bin/g++-4.2 -arch x86_64 -isysroot /Developer/SDKs/MacOSX10.6.sdk -L/Users/jjthrash/Downloads/OpenCV-2.2.0/CMakeFiles/CMakeTmp/Debug -F/Users/jjthrash/Downloads/OpenCV-2.2.0/CMakeFiles/CMakeTmp/Debug -filelist /Users/jjthrash/Downloads/OpenCV-2.2.0/CMakeFiles/CMakeTmp/CMAKE_TRY_COMPILE.build/Debug/cmTryCompileExec.build/Objects-normal/x86_64/cmTryCompileExec.LinkFileList -mmacosx-version-min=10.6 -Wl,-search_paths_first -headerpad_max_install_names -o /Users/jjthrash/Downloads/OpenCV-2.2.0/CMakeFiles/CMakeTmp/Debug/cmTryCompileExec

PhaseScriptExecution "CMake PostBuild Rules" CMAKE_TRY_COMPILE.build/Debug/cmTryCompileExec.build/Script-100641530100641530100641.sh
    cd /Users/jjthrash/Downloads/OpenCV-2.2.0/CMakeFiles/CMakeTmp
    /bin/sh -c /Users/jjthrash/Downloads/OpenCV-2.2.0/CMakeFiles/CMakeTmp/CMAKE_TRY_COMPILE.build/Debug/cmTryCompileExec.build/Script-100641530100641530100641.sh

echo "Depend check for xcode"
Depend check for xcode
cd /Users/jjthrash/Downloads/OpenCV-2.2.0/CMakeFiles/CMakeTmp && make -C /Users/jjthrash/Downloads/OpenCV-2.2.0/CMakeFiles/CMakeTmp -f /Users/jjthrash/Downloads/OpenCV-2.2.0/CMakeFiles/CMakeTmp/CMakeScripts/XCODE_DEPEND_HELPER.make all.Debug
make[1]: Nothing to be done for `all.Debug'.
** BUILD SUCCEEDED **



Detecting CXX compiler ABI info compiled with the following output:
Change Dir: /Users/jjthrash/Downloads/OpenCV-2.2.0/CMakeFiles/CMakeTmp

Run Build Command:/usr/local/Cellar/cmake/2.8.3/bin/cmakexbuild -project CMAKE_TRY_COMPILE.xcodeproj build -target cmTryCompileExec -configuration Debug

=== BUILD NATIVE TARGET cmTryCompileExec OF PROJECT CMAKE_TRY_COMPILE WITH CONFIGURATION Debug ===
Check dependencies
PhaseScriptExecution "CMake ReRun" CMAKE_TRY_COMPILE.build/Debug/cmTryCompileExec.build/Script-10064EF3010064EF3010064E.sh
    cd /Users/jjthrash/Downloads/OpenCV-2.2.0/CMakeFiles/CMakeTmp
    /bin/sh -c /Users/jjthrash/Downloads/OpenCV-2.2.0/CMakeFiles/CMakeTmp/CMAKE_TRY_COMPILE.build/Debug/cmTryCompileExec.build/Script-10064EF3010064EF3010064E.sh

make: `CMakeFiles/cmake.check_cache' is up to date.
CompileC CMAKE_TRY_COMPILE.build/Debug/cmTryCompileExec.build/Objects-normal/x86_64/CMakeCXXCompilerABI.o ../../../../../../usr/local/Cellar/cmake/2.8.3/share/cmake/Modules/CMakeCXXCompilerABI.cpp normal x86_64 c++ com.apple.compilers.gcc.4_2
    cd /Users/jjthrash/Downloads/OpenCV-2.2.0/CMakeFiles/CMakeTmp
    /Developer/usr/bin/gcc-4.2 -x c++ -arch x86_64 -fmessage-length=0 -pipe -Wno-trigraphs -fpascal-strings -fasm-blocks -O0 -mdynamic-no-pic -DCMAKE_INTDIR="Debug" -isysroot /Developer/SDKs/MacOSX10.6.sdk -mmacosx-version-min=10.6 -gdwarf-2 -Wmost -Wno-four-char-constants -Wno-unknown-pragmas -F/Users/jjthrash/Downloads/OpenCV-2.2.0/CMakeFiles/CMakeTmp/Debug -I/Users/jjthrash/Downloads/OpenCV-2.2.0/CMakeFiles/CMakeTmp/Debug/include -I/Users/jjthrash/Downloads/OpenCV-2.2.0/CMakeFiles/CMakeTmp/CMAKE_TRY_COMPILE.build/Debug/cmTryCompileExec.build/DerivedSources/x86_64 -I/Users/jjthrash/Downloads/OpenCV-2.2.0/CMakeFiles/CMakeTmp/CMAKE_TRY_COMPILE.build/Debug/cmTryCompileExec.build/DerivedSources -c /Users/jjthrash/Downloads/OpenCV-2.2.0/CMakeFiles/CMakeTmp/../../../../../../usr/local/Cellar/cmake/2.8.3/share/cmake/Modules/CMakeCXXCompilerABI.cpp -o /Users/jjthrash/Downloads/OpenCV-2.2.0/CMakeFiles/CMakeTmp/CMAKE_TRY_COMPILE.build/Debug/cmTryCompileExec.build/Objects-normal/x86_64/CMakeCXXCompilerABI.o

Ld Debug/cmTryCompileExec normal x86_64
    cd /Users/jjthrash/Downloads/OpenCV-2.2.0/CMakeFiles/CMakeTmp
    /Developer/usr/bin/g++-4.2 -arch x86_64 -isysroot /Developer/SDKs/MacOSX10.6.sdk -L/Users/jjthrash/Downloads/OpenCV-2.2.0/CMakeFiles/CMakeTmp/Debug -F/Users/jjthrash/Downloads/OpenCV-2.2.0/CMakeFiles/CMakeTmp/Debug -filelist /Users/jjthrash/Downloads/OpenCV-2.2.0/CMakeFiles/CMakeTmp/CMAKE_TRY_COMPILE.build/Debug/cmTryCompileExec.build/Objects-normal/x86_64/cmTryCompileExec.LinkFileList -mmacosx-version-min=10.6 -v -Wl,-search_paths_first -headerpad_max_install_names -o /Users/jjthrash/Downloads/OpenCV-2.2.0/CMakeFiles/CMakeTmp/Debug/cmTryCompileExec

Using built-in specs.
Target: i686-apple-darwin10
Configured with: /var/tmp/gcc/gcc-5664~89/src/configure --disable-checking --enable-werror --prefix=/usr --mandir=/share/man --enable-languages=c,objc,c++,obj-c++ --program-transform-name=/^[cg][^.-]*$/s/$/-4.2/ --with-slibdir=/usr/lib --build=i686-apple-darwin10 --program-prefix=i686-apple-darwin10- --host=x86_64-apple-darwin10 --target=i686-apple-darwin10 --with-gxx-include-dir=/include/c++/4.2.1
Thread model: posix
gcc version 4.2.1 (Apple Inc. build 5664)
 /Developer/usr/bin/../libexec/gcc/i686-apple-darwin10/4.2.1/collect2 -dynamic -arch x86_64 -headerpad_max_install_names -macosx_version_min 10.6 -syslibroot /Developer/SDKs/MacOSX10.6.sdk -weak_reference_mismatches non-weak -o /Users/jjthrash/Downloads/OpenCV-2.2.0/CMakeFiles/CMakeTmp/Debug/cmTryCompileExec -lcrt1.10.6.o -L/Users/jjthrash/Downloads/OpenCV-2.2.0/CMakeFiles/CMakeTmp/Debug -L/Developer/usr/bin/../lib/gcc/i686-apple-darwin10/4.2.1/x86_64 -L/usr/lib/gcc/i686-apple-darwin10/4.2.1/x86_64 -L/usr/lib/gcc/i686-apple-darwin10/4.2.1/x86_64 -L/Developer/SDKs/MacOSX10.6.sdk/usr/lib/i686-apple-darwin10/4.2.1 -L/Developer/SDKs/MacOSX10.6.sdk/usr/lib -L/Developer/usr/bin/../lib/gcc/i686-apple-darwin10/4.2.1 -L/Developer/usr/bin/../lib/gcc -L/usr/lib/gcc/i686-apple-darwin10/4.2.1 -L/usr/lib/gcc/i686-apple-darwin10/4.2.1 -L/Developer/usr/bin/../lib/gcc/i686-apple-darwin10/4.2.1/../../../i686-apple-darwin10/4.2.1 -L/Developer/usr/bin/../lib/gcc/i686-apple-darwin10/4.2.1/../../.. -L/Developer/SDKs/MacOSX10.6.sdk/usr/lib/gcc/i686-apple-darwin10/4.2.1/../../../i686-apple-darwin10/4.2.1 -L/Developer/SDKs/MacOSX10.6.sdk/usr/lib/gcc/i686-apple-darwin10/4.2.1/../../.. -filelist /Users/jjthrash/Downloads/OpenCV-2.2.0/CMakeFiles/CMakeTmp/CMAKE_TRY_COMPILE.build/Debug/cmTryCompileExec.build/Objects-normal/x86_64/cmTryCompileExec.LinkFileList -search_paths_first -lstdc++ -lSystem -lgcc -lSystem -F/Users/jjthrash/Downloads/OpenCV-2.2.0/CMakeFiles/CMakeTmp/Debug
PhaseScriptExecution "CMake PostBuild Rules" CMAKE_TRY_COMPILE.build/Debug/cmTryCompileExec.build/Script-10064FA0010064FA0010064F.sh
    cd /Users/jjthrash/Downloads/OpenCV-2.2.0/CMakeFiles/CMakeTmp
    /bin/sh -c /Users/jjthrash/Downloads/OpenCV-2.2.0/CMakeFiles/CMakeTmp/CMAKE_TRY_COMPILE.build/Debug/cmTryCompileExec.build/Script-10064FA0010064FA0010064F.sh

echo "Depend check for xcode"
Depend check for xcode
cd /Users/jjthrash/Downloads/OpenCV-2.2.0/CMakeFiles/CMakeTmp && make -C /Users/jjthrash/Downloads/OpenCV-2.2.0/CMakeFiles/CMakeTmp -f /Users/jjthrash/Downloads/OpenCV-2.2.0/CMakeFiles/CMakeTmp/CMakeScripts/XCODE_DEPEND_HELPER.make all.Debug
make[1]: Nothing to be done for `all.Debug'.
** BUILD SUCCEEDED **



